This is pdfTeXk, Version 3.1415926-1.40.9 (Web2C 7.5.7) (format=pdflatex 2008.12.28)  5 APR 2010 23:14
entering extended mode
\write18 enabled.
 %&-line parsing enabled.
**res.cls
(./res.cls
LaTeX2e <2005/12/01>
Babel <v3.8l> and hyphenation patterns for english, usenglishmax, dumylang, noh
yphenation, german-x-2008-06-18, ngerman-x-2008-06-18, ancientgreek, ibycus, ar
abic, basque, bulgarian, catalan, pinyin, coptic, croatian, czech, danish, dutc
h, esperanto, estonian, farsi, finnish, french, galician, german, ngerman, mono
greek, greek, hungarian, icelandic, indonesian, interlingua, irish, italian, la
tin, lithuanian, mongolian, mongolian2a, bokmal, nynorsk, polish, portuguese, r
omanian, russian, sanskrit, serbian, slovak, slovenian, spanish, swedish, turki
sh, ukenglish, ukrainian, uppersorbian, welsh, loaded.
Document Style `res' <26 Sep 89>.

LaTeX Warning: You have requested package `',
               but the package provides `res'.

Package: res 2000/05/19 v1.4b Resume class
(/usr/local/texlive/2008/texmf-dist/tex/latex/base/article.cls
Document Class: article 2005/09/16 v1.4f Standard LaTeX document class
(/usr/local/texlive/2008/texmf-dist/tex/latex/base/size10.clo
File: size10.clo 2005/09/16 v1.4f Standard LaTeX file (size option)
)
\c@part=\count79
\c@section=\count80
\c@subsection=\count81
\c@subsubsection=\count82
\c@paragraph=\count83
\c@subparagraph=\count84
\c@figure=\count85
\c@table=\count86
\abovecaptionskip=\skip41
\belowcaptionskip=\skip42
\bibindent=\dimen102
)

! LaTeX Error: Missing \begin{document}.

See the LaTeX manual or LaTeX Companion for explanation.
Type  H <return>  for immediate help.
 ...                                              
                                                  
l.191 \newif\if@
                line
? 
! Emergency stop.
 ...                                              
                                                  
l.191 \newif\if@
                line
You're in trouble here.  Try typing  <return>  to proceed.
If that doesn't work, type  X <return>  to quit.

 
Here is how much of TeX's memory you used:
 200 strings out of 493876
 2231 string characters out of 1150567
 48901 words of memory out of 3000000
 3565 multiletter control sequences out of 10000+50000
 3640 words of font info for 14 fonts, out of 3000000 for 5000
 714 hyphenation exceptions out of 8191
 23i,0n,17p,119b,36s stack positions out of 5000i,500n,10000p,200000b,50000s
!  ==> Fatal error occurred, no output PDF file produced!
